0 verbose cli /usr/local/bin/node /usr/local/bin/npm
1 info using npm@11.14.1
2 info using node@v20.20.2
3 silly config load:file:/usr/local/lib/node_modules/npm/npmrc
4 silly config load:file:/home/container/.npmrc
5 silly config load:file:/usr/local/etc/npmrc
6 verbose title npm install
7 verbose argv "install"
8 verbose logfile logs-max:10 dir:/home/container/.npm/_logs/2026-05-14T06_11_24_266Z-
9 verbose logfile /home/container/.npm/_logs/2026-05-14T06_11_24_266Z-debug-0.log
10 silly logfile done cleaning log files
11 silly packumentCache heap:642777088 maxSize:160694272 maxEntrySize:80347136
12 silly idealTree buildDeps
13 silly reify moves {}
14 silly audit bulk request {
14 silly audit   '@borewit/text-codec': [ '0.2.2' ],
14 silly audit   '@cacheable/memory': [ '2.0.8' ],
14 silly audit   '@cacheable/node-cache': [ '1.7.6' ],
14 silly audit   '@cacheable/utils': [ '2.4.1' ],
14 silly audit   '@emnapi/runtime': [ '1.10.0' ],
14 silly audit   '@hapi/boom': [ '10.0.1', '9.1.4' ],
14 silly audit   '@hapi/hoek': [ '11.0.7', '9.3.0' ],
14 silly audit   '@img/colour': [ '1.1.0' ],
14 silly audit   '@img/sharp-darwin-arm64': [ '0.34.5' ],
14 silly audit   '@img/sharp-darwin-x64': [ '0.34.5' ],
14 silly audit   '@img/sharp-libvips-darwin-arm64': [ '1.2.4' ],
14 silly audit   '@img/sharp-libvips-darwin-x64': [ '1.2.4' ],
14 silly audit   '@img/sharp-libvips-linux-arm': [ '1.2.4' ],
14 silly audit   '@img/sharp-libvips-linux-arm64': [ '1.2.4' ],
14 silly audit   '@img/sharp-libvips-linux-ppc64': [ '1.2.4' ],
14 silly audit   '@img/sharp-libvips-linux-riscv64': [ '1.2.4' ],
14 silly audit   '@img/sharp-libvips-linux-s390x': [ '1.2.4' ],
14 silly audit   '@img/sharp-libvips-linux-x64': [ '1.2.4' ],
14 silly audit   '@img/sharp-libvips-linuxmusl-arm64': [ '1.2.4' ],
14 silly audit   '@img/sharp-libvips-linuxmusl-x64': [ '1.2.4' ],
14 silly audit   '@img/sharp-linux-arm': [ '0.34.5' ],
14 silly audit   '@img/sharp-linux-arm64': [ '0.34.5' ],
14 silly audit   '@img/sharp-linux-ppc64': [ '0.34.5' ],
14 silly audit   '@img/sharp-linux-riscv64': [ '0.34.5' ],
14 silly audit   '@img/sharp-linux-s390x': [ '0.34.5' ],
14 silly audit   '@img/sharp-linux-x64': [ '0.34.5' ],
14 silly audit   '@img/sharp-linuxmusl-arm64': [ '0.34.5' ],
14 silly audit   '@img/sharp-linuxmusl-x64': [ '0.34.5' ],
14 silly audit   '@img/sharp-wasm32': [ '0.34.5' ],
14 silly audit   '@img/sharp-win32-arm64': [ '0.34.5' ],
14 silly audit   '@img/sharp-win32-ia32': [ '0.34.5' ],
14 silly audit   '@img/sharp-win32-x64': [ '0.34.5' ],
14 silly audit   '@isaacs/cliui': [ '8.0.2' ],
14 silly audit   '@keyv/bigmap': [ '1.3.1' ],
14 silly audit   '@keyv/serialize': [ '1.1.1' ],
14 silly audit   '@napi-rs/canvas': [ '0.1.100' ],
14 silly audit   '@napi-rs/canvas-android-arm64': [ '0.1.100' ],
14 silly audit   '@napi-rs/canvas-darwin-arm64': [ '0.1.100' ],
14 silly audit   '@napi-rs/canvas-darwin-x64': [ '0.1.100' ],
14 silly audit   '@napi-rs/canvas-linux-arm-gnueabihf': [ '0.1.100' ],
14 silly audit   '@napi-rs/canvas-linux-arm64-gnu': [ '0.1.100' ],
14 silly audit   '@napi-rs/canvas-linux-arm64-musl': [ '0.1.100' ],
14 silly audit   '@napi-rs/canvas-linux-riscv64-gnu': [ '0.1.100' ],
14 silly audit   '@napi-rs/canvas-linux-x64-gnu': [ '0.1.100' ],
14 silly audit   '@napi-rs/canvas-linux-x64-musl': [ '0.1.100' ],
14 silly audit   '@napi-rs/canvas-win32-arm64-msvc': [ '0.1.100' ],
14 silly audit   '@napi-rs/canvas-win32-x64-msvc': [ '0.1.100' ],
14 silly audit   '@pinojs/redact': [ '0.4.0' ],
14 silly audit   '@pkgjs/parseargs': [ '0.11.0' ],
14 silly audit   '@protobufjs/aspromise': [ '1.1.2' ],
14 silly audit   '@protobufjs/base64': [ '1.1.2' ],
14 silly audit   '@protobufjs/codegen': [ '2.0.5' ],
14 silly audit   '@protobufjs/eventemitter': [ '1.1.0' ],
14 silly audit   '@protobufjs/fetch': [ '1.1.0' ],
14 silly audit   '@protobufjs/float': [ '1.0.2' ],
14 silly audit   '@protobufjs/inquire': [ '1.1.1' ],
14 silly audit   '@protobufjs/path': [ '1.1.2' ],
14 silly audit   '@protobufjs/pool': [ '1.1.0' ],
14 silly audit   '@protobufjs/utf8': [ '1.1.1' ],
14 silly audit   '@tokenizer/inflate': [ '0.4.1' ],
14 silly audit   '@tokenizer/token': [ '0.3.0' ],
14 silly audit   '@types/node': [ '25.7.0' ],
14 silly audit   '@whiskeysockets/baileys': [ '7.0.0-rc10' ],
14 silly audit   'abort-controller': [ '3.0.0' ],
14 silly audit   'agent-base': [ '6.0.2' ],
14 silly audit   'ansi-regex': [ '6.2.2', '5.0.1' ],
14 silly audit   'ansi-styles': [ '6.2.3', '4.3.0' ],
14 silly audit   archiver: [ '7.0.1' ],
14 silly audit   'archiver-utils': [ '5.0.2' ],
14 silly audit   async: [ '3.2.6' ],
14 silly audit   'async-mutex': [ '0.5.0' ],
14 silly audit   asynckit: [ '0.4.0' ],
14 silly audit   'atomic-sleep': [ '1.0.0' ],
14 silly audit   axios: [ '1.16.1' ],
14 silly audit   b4a: [ '1.8.1' ],
14 silly audit   'balanced-match': [ '1.0.2' ],
14 silly audit   'bare-events': [ '2.8.2' ],
14 silly audit   'bare-fs': [ '4.7.1' ],
14 silly audit   'bare-os': [ '3.9.1' ],
14 silly audit   'bare-path': [ '3.0.0' ],
14 silly audit   'bare-stream': [ '2.13.1' ],
14 silly audit   'bare-url': [ '2.4.3' ],
14 silly audit   'base64-js': [ '1.5.1' ],
14 silly audit   boolbase: [ '1.0.0' ],
14 silly audit   'brace-expansion': [ '2.1.0' ],
14 silly audit   buffer: [ '6.0.3' ],
14 silly audit   'buffer-crc32': [ '1.0.0' ],
14 silly audit   cacheable: [ '2.3.5' ],
14 silly audit   'call-bind-apply-helpers': [ '1.0.2' ],
14 silly audit   chalk: [ '5.6.2' ],
14 silly audit   cheerio: [ '1.2.0' ],
14 silly audit   'cheerio-select': [ '2.1.0' ],
14 silly audit   chokidar: [ '4.0.3' ],
14 silly audit   'color-convert': [ '2.0.1' ],
14 silly audit   'color-name': [ '1.1.4' ],
14 silly audit   'combined-stream': [ '1.0.8' ],
14 silly audit   commander: [ '14.0.3' ],
14 silly audit   'compress-commons': [ '6.0.2' ],
14 silly audit   'content-type': [ '1.0.5' ],
14 silly audit   'core-util-is': [ '1.0.3' ],
14 silly audit   'crc-32': [ '1.2.2' ],
14 silly audit   'crc32-stream': [ '6.0.0' ],
14 silly audit   'cross-spawn': [ '7.0.6' ],
14 silly audit   'css-select': [ '5.2.2' ],
14 silly audit   'css-what': [ '6.2.2' ],
14 silly audit   'curve25519-js': [ '0.0.4' ],
14 silly audit   debug: [ '4.4.3' ],
14 silly audit   'delayed-stream': [ '1.0.0' ],
14 silly audit   'detect-libc': [ '2.1.2' ],
14 silly audit   'dom-serializer': [ '2.0.0' ],
14 silly audit   domelementtype: [ '2.3.0' ],
14 silly audit   domhandler: [ '5.0.3' ],
14 silly audit   domutils: [ '3.2.2' ],
14 silly audit   'dunder-proto': [ '1.0.1' ],
14 silly audit   eastasianwidth: [ '0.2.0' ],
14 silly audit   'emoji-regex': [ '9.2.2', '8.0.0' ],
14 silly audit   'encoding-sniffer': [ '0.2.1' ],
14 silly audit   entities: [ '4.5.0', '7.0.1', '6.0.1' ],
14 silly audit   'es-define-property': [ '1.0.1' ],
14 silly audit   'es-errors': [ '1.3.0' ],
14 silly audit   'es-object-atoms': [ '1.1.1' ],
14 silly audit   'es-set-tostringtag': [ '2.1.0' ],
14 silly audit   'event-target-shim': [ '5.0.1' ],
14 silly audit   eventemitter3: [ '5.0.4' ],
14 silly audit   events: [ '3.3.0' ],
14 silly audit   'events-universal': [ '1.0.1' ],
14 silly audit   'fast-fifo': [ '1.3.2' ],
14 silly audit   figlet: [ '1.11.0' ],
14 silly audit   'file-type': [ '21.3.4' ],
14 silly audit   'follow-redirects': [ '1.16.0' ],
14 silly audit   'foreground-child': [ '3.3.1' ],
14 silly audit   'form-data': [ '4.0.5' ],
14 silly audit   'fs-extra': [ '11.3.5' ],
14 silly audit   'function-bind': [ '1.1.2' ],
14 silly audit   'get-intrinsic': [ '1.3.0' ],
14 silly audit   'get-proto': [ '1.0.1' ],
14 silly audit   glob: [ '10.5.0' ],
14 silly audit   gopd: [ '1.2.0' ],
14 silly audit   'graceful-fs': [ '4.2.11' ],
14 silly audit   'has-symbols': [ '1.1.0' ],
14 silly audit   'has-tostringtag': [ '1.0.2' ],
14 silly audit   hashery: [ '1.5.1' ],
14 silly audit   hasown: [ '2.0.3' ],
14 silly audit   hookified: [ '1.15.1', '2.2.0' ],
14 silly audit   htmlparser2: [ '10.1.0' ],
14 silly audit   'https-proxy-agent': [ '5.0.1' ],
14 silly audit   'iconv-lite': [ '0.6.3' ],
14 silly audit   ieee754: [ '1.2.1' ],
14 silly audit   inherits: [ '2.0.4' ],
14 silly audit   'is-fullwidth-code-point': [ '3.0.0' ],
14 silly audit   'is-stream': [ '2.0.1' ],
14 silly audit   isarray: [ '1.0.0' ],
14 silly audit   isexe: [ '2.0.0' ],
14 silly audit   jackspeak: [ '3.4.3' ],
14 silly audit   jsonfile: [ '6.2.1' ],
14 silly audit   keyv: [ '5.6.0' ],
14 silly audit   lazystream: [ '1.0.1' ],
14 silly audit   'readable-stream': [ '2.3.8', '4.7.0' ],
14 silly audit   'safe-buffer': [ '5.1.2', '5.2.1' ],
14 silly audit   string_decoder: [ '1.1.1', '1.3.0' ],
14 silly audit   libsignal: [ '6.0.0' ],
14 silly audit   lodash: [ '4.18.1' ],
14 silly audit   long: [ '5.3.2' ],
14 silly audit   'lru-cache': [ '11.3.6', '10.4.3' ],
14 silly audit   'math-intrinsics': [ '1.1.0' ],
14 silly audit   'media-typer': [ '1.1.0' ],
14 silly audit   'mime-db': [ '1.52.0' ],
14 silly audit   'mime-types': [ '2.1.35' ],
14 silly audit   minimatch: [ '9.0.9', '5.1.9' ],
14 silly audit   minipass: [ '7.1.3' ],
14 silly audit   moment: [ '2.30.1' ],
14 silly audit   'moment-timezone': [ '0.5.48' ],
14 silly audit   ms: [ '2.1.3' ],
14 silly audit   'music-metadata': [ '11.12.3' ],
14 silly audit   'normalize-path': [ '3.0.0' ],
14 silly audit   'nth-check': [ '2.1.1' ],
14 silly audit   'on-exit-leak-free': [ '2.1.2' ],
14 silly audit   'p-queue': [ '9.2.0' ],
14 silly audit   'p-timeout': [ '7.0.1' ],
14 silly audit   'package-json-from-dist': [ '1.0.1' ],
14 silly audit   parse5: [ '7.3.0' ],
14 silly audit   'parse5-htmlparser2-tree-adapter': [ '7.1.0' ],
14 silly audit   'parse5-parser-stream': [ '7.1.2' ],
14 silly audit   'path-key': [ '3.1.1' ],
14 silly audit   'path-scurry': [ '1.11.1' ],
14 silly audit   pino: [ '9.14.0' ],
14 silly audit   'pino-abstract-transport': [ '2.0.0' ],
14 silly audit   'pino-std-serializers': [ '7.1.0' ],
14 silly audit   process: [ '0.11.10' ],
14 silly audit   'process-nextick-args': [ '2.0.1' ],
14 silly audit   'process-warning': [ '5.0.0' ],
14 silly audit   protobufjs: [ '7.5.8' ],
14 silly audit   'proxy-from-env': [ '2.1.0' ],
14 silly audit   qified: [ '0.10.1' ],
14 silly audit   'quick-format-unescaped': [ '4.0.4' ],
14 silly audit   'readdir-glob': [ '1.1.3' ],
14 silly audit   readdirp: [ '4.1.2' ],
14 silly audit   'real-require': [ '0.2.0' ],
14 silly audit   'safe-stable-stringify': [ '2.5.0' ],
14 silly audit   'safer-buffer': [ '2.1.2' ],
14 silly audit   semver: [ '7.8.0' ],
14 silly audit   sharp: [ '0.34.5' ],
14 silly audit   'shebang-command': [ '2.0.0' ],
14 silly audit   'shebang-regex': [ '3.0.0' ],
14 silly audit   'signal-exit': [ '4.1.0' ],
14 silly audit   'sonic-boom': [ '4.2.1' ],
14 silly audit   split2: [ '4.2.0' ],
14 silly audit   streamx: [ '2.25.0' ],
14 silly audit   'string-width': [ '5.1.2', '4.2.3' ],
14 silly audit   'strip-ansi': [ '6.0.1', '7.2.0' ],
14 silly audit   strtok3: [ '10.3.5' ],
14 silly audit   'tar-stream': [ '3.2.0' ],
14 silly audit   teex: [ '1.0.1' ],
14 silly audit   'text-decoder': [ '1.2.7' ],
14 silly audit   'thread-stream': [ '3.1.0' ],
14 silly audit   'token-types': [ '6.1.2' ],
14 silly audit   tslib: [ '2.8.1' ],
14 silly audit   'uint8array-extras': [ '1.5.0' ],
14 silly audit   undici: [ '7.25.0' ],
14 silly audit   'undici-types': [ '7.21.0' ],
14 silly audit   universalify: [ '2.0.1' ],
14 silly audit   'util-deprecate': [ '1.0.2' ],
14 silly audit   'whatsapp-rust-bridge': [ '0.5.3' ],
14 silly audit   'whatwg-encoding': [ '3.1.1' ],
14 silly audit   'whatwg-mimetype': [ '4.0.0' ],
14 silly audit   which: [ '2.0.2' ],
14 silly audit   'win-guid': [ '0.2.1' ],
14 silly audit   'wrap-ansi': [ '8.1.0', '7.0.0' ],
14 silly audit   ws: [ '8.20.1' ],
14 silly audit   'zip-stream': [ '6.0.1' ]
14 silly audit }
15 http fetch POST 200 https://registry.npmjs.org/-/npm/v1/security/advisories/bulk 896ms
16 silly audit report {}
17 verbose cwd /home/container
18 verbose os Linux 6.8.0-60-generic
19 verbose node v20.20.2
20 verbose npm  v11.14.1
21 verbose exit 0
22 info ok
